      Step     Time          Energy         fmax
BFGS:    0 16:40:14    -2932.228770      146.5499
BFGS:    1 16:40:22    -2946.108790       13.4261
BFGS:    2 16:40:30    -2946.517684       10.8058
BFGS:    3 16:40:38    -2946.715920       11.8200
BFGS:    4 16:40:46    -2946.993334        2.8790
BFGS:    5 16:40:54    -2947.018089        0.5751
BFGS:    6 16:41:02    -2947.019041        0.0392
      Step     Time          Energy         fmax
BFGS:    0 16:44:00    -2932.228770      146.5499
BFGS:    1 16:44:08    -2946.108790       13.4261
BFGS:    2 16:44:15    -2946.517684       10.8058
BFGS:    3 16:44:23    -2946.715920       11.8200
BFGS:    4 16:44:31    -2946.993334        2.8790
BFGS:    5 16:44:38    -2947.018089        0.5751
BFGS:    6 16:44:46    -2947.019041        0.0392
      Step     Time          Energy         fmax
BFGS:    0 14:37:37    -2932.228770      146.5499
BFGS:    1 14:37:43    -2946.108790       13.4261
BFGS:    2 14:37:48    -2946.517684       10.8058
BFGS:    3 14:37:54    -2946.715920       11.8200
BFGS:    4 14:38:00    -2946.993334        2.8790
BFGS:    5 14:38:06    -2947.018089        0.5751
BFGS:    6 14:38:11    -2947.019041        0.0392
      Step     Time          Energy         fmax
BFGS:    0 15:36:26    -2932.228770      146.5499
BFGS:    1 15:36:32    -2946.108790       13.4261
BFGS:    2 15:36:39    -2946.517684       10.8058
BFGS:    3 15:36:46    -2946.715920       11.8200
BFGS:    4 15:36:53    -2946.993334        2.8790
BFGS:    5 15:36:59    -2947.018089        0.5751
BFGS:    6 15:37:06    -2947.019041        0.0392
      Step     Time          Energy         fmax
BFGS:    0 14:54:44    -2932.228770      146.5499
BFGS:    1 14:54:55    -2946.108790       13.4261
BFGS:    2 14:55:05    -2946.517684       10.8058
BFGS:    3 14:55:15    -2946.715920       11.8200
BFGS:    4 14:55:26    -2946.993334        2.8790
BFGS:    5 14:55:36    -2947.018089        0.5751
BFGS:    6 14:55:48    -2947.019041        0.0392
      Step     Time          Energy         fmax
BFGS:    0 15:00:05    -2946.276589       19.8219
BFGS:    1 15:00:15    -2942.659416       19.1423
BFGS:    2 15:00:23    -2946.061558       13.6557
BFGS:    3 15:00:33    -2932.733236      142.7187
BFGS:    4 15:00:42    -2946.494495       10.9958
BFGS:    5 15:00:50    -2946.749100        8.4083
BFGS:    6 15:00:59    -2946.959378        4.8745
BFGS:    7 15:01:08    -2947.016042        1.0125
BFGS:    8 15:01:17    -2947.019021        0.0934
BFGS:    9 15:01:25    -2947.019046        0.0021
      Step     Time          Energy         fmax
BFGS:    0 15:01:43    -2939.353789       18.1345
BFGS:    1 15:01:51    -2938.910490        9.2782
BFGS:    2 15:02:00    -2939.993856        6.2968
BFGS:    3 15:02:09    -2938.919693       22.6741
BFGS:    4 15:02:18    -2940.311875        3.7635
BFGS:    5 15:02:27    -2940.404569        1.9913
BFGS:    6 15:02:37    -2940.432682        0.5241
BFGS:    7 15:02:45    -2940.434423        0.0527
BFGS:    8 15:02:55    -2940.434441        0.0012
      Step     Time          Energy         fmax
BFGS:    0 15:05:00    -2946.958285        4.3212
BFGS:    1 15:05:08    -2945.981141       24.2265
BFGS:    2 15:05:18    -2947.012822        1.4481
BFGS:    3 15:05:27    -2947.018458        0.4516
BFGS:    4 15:05:35    -2947.019045        0.0147
      Step     Time          Energy         fmax
BFGS:    0 15:05:53    -2939.352488       18.1488
BFGS:    1 15:06:02    -2938.911155        9.2772
BFGS:    2 15:06:11    -2939.993806        6.2971
BFGS:    3 15:06:18    -2938.920718       22.6638
BFGS:    4 15:06:26    -2940.311905        3.7631
BFGS:    5 15:06:34    -2940.404589        1.9907
BFGS:    6 15:06:42    -2940.432684        0.5239
BFGS:    7 15:06:50    -2940.434423        0.0527
BFGS:    8 15:06:57    -2940.434441        0.0012
      Step     Time          Energy         fmax
BFGS:    0 15:08:42    -2946.958285        4.3212
BFGS:    1 15:08:50    -2945.981141       24.2265
BFGS:    2 15:08:58    -2947.012822        1.4481
BFGS:    3 15:09:07    -2947.018458        0.4516
BFGS:    4 15:09:15    -2947.019045        0.0147
      Step     Time          Energy         fmax
BFGS:    0 18:42:06    -2946.958285        4.3212
BFGS:    1 18:42:16    -2945.981141       24.2265
BFGS:    2 18:42:26    -2947.012822        1.4481
BFGS:    3 18:42:43    -2947.018458        0.4516
BFGS:    4 18:42:54    -2947.019045        0.0147
      Step     Time          Energy         fmax
BFGS:    0 18:43:26    -2939.352488       18.1488
BFGS:    1 18:43:37    -2938.911155        9.2772
BFGS:    2 18:43:47    -2939.993806        6.2971
BFGS:    3 18:43:58    -2938.920718       22.6638
BFGS:    4 18:44:08    -2940.311905        3.7631
BFGS:    5 18:44:19    -2940.404589        1.9907
BFGS:    6 18:44:54    -2940.432684        0.5239
BFGS:    7 18:45:05    -2940.434423        0.0527
BFGS:    8 18:45:16    -2940.434441        0.0012
      Step     Time          Energy         fmax
BFGS:    0 20:23:55    -2946.958285        4.3212
BFGS:    1 20:24:07    -2945.981141       24.2265
BFGS:    2 20:24:18    -2947.012822        1.4481
BFGS:    3 20:24:29    -2947.018458        0.4516
BFGS:    4 20:24:40    -2947.019045        0.0147
      Step     Time          Energy         fmax
BFGS:    0 20:25:12    -2939.352488       18.1488
BFGS:    1 20:25:23    -2938.911155        9.2772
BFGS:    2 20:25:34    -2939.993806        6.2971
BFGS:    3 20:25:44    -2938.920718       22.6638
BFGS:    4 20:25:55    -2940.311905        3.7631
BFGS:    5 20:26:06    -2940.404589        1.9907
BFGS:    6 20:26:17    -2940.432684        0.5239
BFGS:    7 20:26:27    -2940.434423        0.0527
BFGS:    8 20:26:38    -2940.434441        0.0012
      Step     Time          Energy         fmax
BFGS:    0 20:27:30    -2946.958285        4.3212
BFGS:    1 20:27:41    -2945.981141       24.2265
BFGS:    2 20:27:51    -2947.012822        1.4481
BFGS:    3 20:28:02    -2947.018458        0.4516
BFGS:    4 20:28:13    -2947.019045        0.0147
      Step     Time          Energy         fmax
BFGS:    0 20:28:46    -2939.352488       18.1488
BFGS:    1 20:28:57    -2938.911155        9.2772
BFGS:    2 20:29:08    -2939.993806        6.2971
BFGS:    3 20:29:19    -2938.920718       22.6638
BFGS:    4 20:29:30    -2940.311905        3.7631
BFGS:    5 20:29:42    -2940.404589        1.9907
BFGS:    6 20:29:54    -2940.432684        0.5239
BFGS:    7 20:30:04    -2940.434423        0.0527
BFGS:    8 20:30:15    -2940.434441        0.0012
      Step     Time          Energy         fmax
BFGS:    0 21:18:32    -2946.958285        4.3212
BFGS:    1 21:18:45    -2945.981141       24.2265
BFGS:    2 21:18:57    -2947.012822        1.4481
BFGS:    3 21:19:11    -2947.018458        0.4516
BFGS:    4 21:19:25    -2947.019045        0.0147
      Step     Time          Energy         fmax
BFGS:    0 21:20:12    -2939.352488       18.1488
BFGS:    1 21:20:24    -2938.911155        9.2772
BFGS:    2 21:20:36    -2939.993806        6.2971
BFGS:    3 21:20:49    -2938.920718       22.6638
BFGS:    4 21:21:01    -2940.311905        3.7631
BFGS:    5 21:21:12    -2940.404589        1.9907
BFGS:    6 21:21:24    -2940.432684        0.5239
BFGS:    7 21:21:35    -2940.434423        0.0527
BFGS:    8 21:21:46    -2940.434441        0.0012
      Step     Time          Energy         fmax
BFGS:    0 21:29:14    -2946.958285        4.3212
BFGS:    1 21:29:25    -2945.981141       24.2265
BFGS:    2 21:29:35    -2947.012822        1.4481
BFGS:    3 21:29:46    -2947.018458        0.4516
BFGS:    4 21:29:56    -2947.019045        0.0147
      Step     Time          Energy         fmax
BFGS:    0 21:30:27    -2939.352488       18.1488
BFGS:    1 21:30:38    -2938.911155        9.2772
BFGS:    2 21:30:48    -2939.993806        6.2971
BFGS:    3 21:30:59    -2938.920718       22.6638
BFGS:    4 21:31:09    -2940.311905        3.7631
BFGS:    5 21:31:20    -2940.404589        1.9907
BFGS:    6 21:31:30    -2940.432684        0.5239
BFGS:    7 21:31:40    -2940.434423        0.0527
BFGS:    8 21:31:51    -2940.434441        0.0012
      Step     Time          Energy         fmax
BFGS:    0 21:33:23    -2946.958285        4.3212
BFGS:    1 21:33:34    -2945.981141       24.2265
BFGS:    2 21:33:45    -2947.012822        1.4481
BFGS:    3 21:33:56    -2947.018458        0.4516
BFGS:    4 21:34:08    -2947.019045        0.0147
      Step     Time          Energy         fmax
BFGS:    0 21:34:45    -2939.352488       18.1488
BFGS:    1 21:35:00    -2938.911155        9.2772
BFGS:    2 21:35:16    -2939.993806        6.2971
BFGS:    3 21:35:31    -2938.920718       22.6638
BFGS:    4 21:35:45    -2940.311905        3.7631
BFGS:    5 21:36:11    -2940.404589        1.9907
BFGS:    6 21:36:31    -2940.432684        0.5239
BFGS:    7 21:36:46    -2940.434423        0.0527
BFGS:    8 21:37:01    -2940.434441        0.0012
      Step     Time          Energy         fmax
BFGS:    0 21:47:45    -2946.958285        4.3212
BFGS:    1 21:47:51    -2945.981141       24.2265
BFGS:    2 21:47:56    -2947.012822        1.4481
BFGS:    3 21:48:02    -2947.018458        0.4516
BFGS:    4 21:48:10    -2947.019045        0.0147
      Step     Time          Energy         fmax
BFGS:    0 21:48:28    -2939.352488       18.1488
BFGS:    1 21:48:33    -2938.911155        9.2772
BFGS:    2 21:48:39    -2939.993806        6.2971
BFGS:    3 21:48:45    -2938.920718       22.6638
BFGS:    4 21:48:50    -2940.311905        3.7631
BFGS:    5 21:48:56    -2940.404589        1.9907
BFGS:    6 21:49:02    -2940.432684        0.5239
BFGS:    7 21:49:07    -2940.434423        0.0527
BFGS:    8 21:49:13    -2940.434441        0.0012
      Step     Time          Energy         fmax
BFGS:    0 21:49:31    -4045.163257       14.0498
BFGS:    1 21:49:37    -4044.135983       11.2474
BFGS:    2 21:49:43    -4045.715808        5.5648
BFGS:    3 21:49:49    -4045.680288        7.7794
BFGS:    4 21:49:56    -4045.972854        1.2749
BFGS:    5 21:50:02    -4045.983821        0.2489
BFGS:    6 21:50:08    -4045.984234        0.0103
      Step     Time          Energy         fmax
BFGS:    0 21:50:26    -4048.212821        0.1689
BFGS:    1 21:50:32    -4048.212741        0.2034
BFGS:    2 21:50:39    -4048.213007        0.0010
      Step     Time          Energy         fmax
BFGS:    0 21:51:00   -24823.340707      269.0303
BFGS:    1 21:51:13   -24875.707278       49.6178
BFGS:    2 21:51:25   -24879.421094       33.5338
BFGS:    3 21:51:34   -24883.724951       14.5360
BFGS:    4 21:51:43   -24885.230889        6.9841
BFGS:    5 21:51:52   -24885.852703        2.6520
BFGS:    6 21:52:02   -24885.990576        0.8072
BFGS:    7 21:52:10   -24886.007436        0.1491
BFGS:    8 21:52:18   -24886.008084        0.0112
      Step     Time          Energy         fmax
BFGS:    0 21:52:42   -24884.293475        4.7651
BFGS:    1 21:52:49   -24884.731229        1.8775
BFGS:    2 21:52:57   -24884.837902        0.6008
BFGS:    3 21:53:04   -24884.852809        0.1285
BFGS:    4 21:53:12   -24884.853595        0.0124
      Step     Time          Energy         fmax
BFGS:    0 22:37:58    -2946.958285        4.3212
BFGS:    1 22:38:04    -2945.981141       24.2265
BFGS:    2 22:38:09    -2947.012822        1.4481
BFGS:    3 22:38:15    -2947.018458        0.4516
BFGS:    4 22:38:20    -2947.019045        0.0147
      Step     Time          Energy         fmax
BFGS:    0 22:38:37    -2939.352488       18.1488
BFGS:    1 22:38:42    -2938.911155        9.2772
BFGS:    2 22:38:47    -2939.993806        6.2971
BFGS:    3 22:38:53    -2938.920718       22.6638
BFGS:    4 22:38:58    -2940.311905        3.7631
BFGS:    5 22:39:04    -2940.404589        1.9907
BFGS:    6 22:39:09    -2940.432684        0.5239
BFGS:    7 22:39:14    -2940.434423        0.0527
BFGS:    8 22:39:20    -2940.434441        0.0012
      Step     Time          Energy         fmax
BFGS:    0 22:40:07    -2946.958285        4.3212
BFGS:    1 22:40:12    -2945.981141       24.2265
BFGS:    2 22:40:17    -2947.012822        1.4481
BFGS:    3 22:40:23    -2947.018458        0.4516
BFGS:    4 22:40:28    -2947.019045        0.0147
      Step     Time          Energy         fmax
BFGS:    0 22:40:44    -2939.352488       18.1488
BFGS:    1 22:40:50    -2938.911155        9.2772
BFGS:    2 22:40:55    -2939.993806        6.2971
BFGS:    3 22:41:02    -2938.920718       22.6638
BFGS:    4 22:41:09    -2940.311905        3.7631
BFGS:    5 22:41:16    -2940.404589        1.9907
BFGS:    6 22:41:23    -2940.432684        0.5239
BFGS:    7 22:41:29    -2940.434423        0.0527
BFGS:    8 22:41:37    -2940.434441        0.0012
      Step     Time          Energy         fmax
BFGS:    0 22:45:37    -2946.958285        4.3212
BFGS:    1 22:45:44    -2945.981141       24.2265
BFGS:    2 22:45:50    -2947.012822        1.4481
BFGS:    3 22:45:56    -2947.018458        0.4516
BFGS:    4 22:46:03    -2947.019045        0.0147
      Step     Time          Energy         fmax
BFGS:    0 22:46:23    -2939.352488       18.1488
BFGS:    1 22:46:30    -2938.911155        9.2772
BFGS:    2 22:46:37    -2939.993806        6.2971
BFGS:    3 22:46:43    -2938.920718       22.6638
BFGS:    4 22:46:49    -2940.311905        3.7631
BFGS:    5 22:46:55    -2940.404589        1.9907
BFGS:    6 22:47:01    -2940.432684        0.5239
BFGS:    7 22:47:08    -2940.434423        0.0527
BFGS:    8 22:47:15    -2940.434441        0.0012
      Step     Time          Energy         fmax
BFGS:    0 16:45:30    -2946.958285        4.3212
BFGS:    1 16:45:40    -2945.981141       24.2265
BFGS:    2 16:45:50    -2947.012822        1.4481
BFGS:    3 16:46:00    -2947.018458        0.4516
BFGS:    4 16:46:10    -2947.019045        0.0147
      Step     Time          Energy         fmax
BFGS:    0 16:46:38    -2939.352488       18.1488
BFGS:    1 16:46:48    -2938.911155        9.2772
BFGS:    2 16:46:58    -2939.993806        6.2971
BFGS:    3 16:47:08    -2938.920718       22.6638
BFGS:    4 16:47:17    -2940.311905        3.7631
BFGS:    5 16:47:30    -2940.404589        1.9907
BFGS:    6 16:47:40    -2940.432684        0.5239
BFGS:    7 16:47:50    -2940.434423        0.0527
BFGS:    8 16:48:00    -2940.434441        0.0012
      Step     Time          Energy         fmax
BFGS:    0 16:48:30    -4045.163257       14.0498
BFGS:    1 16:48:41    -4044.135983       11.2474
BFGS:    2 16:48:51    -4045.715808        5.5648
BFGS:    3 16:49:01    -4045.680288        7.7794
BFGS:    4 16:49:12    -4045.972854        1.2749
BFGS:    5 16:49:21    -4045.983821        0.2489
BFGS:    6 16:49:32    -4045.984234        0.0103
      Step     Time          Energy         fmax
BFGS:    0 16:50:02    -4048.212821        0.1689
BFGS:    1 16:50:12    -4048.212741        0.2034
BFGS:    2 16:50:22    -4048.213007        0.0010
      Step     Time          Energy         fmax
BFGS:    0 16:50:52   -24823.340707      269.0303
BFGS:    1 16:51:02   -24875.707278       49.6178
BFGS:    2 16:51:12   -24879.421094       33.5338
BFGS:    3 16:51:22   -24883.724951       14.5360
BFGS:    4 16:51:31   -24885.230889        6.9841
BFGS:    5 16:51:41   -24885.852703        2.6520
BFGS:    6 16:51:51   -24885.990576        0.8072
BFGS:    7 16:52:01   -24886.007436        0.1491
BFGS:    8 16:52:10   -24886.008084        0.0112
      Step     Time          Energy         fmax
BFGS:    0 16:52:40   -24884.293475        4.7651
BFGS:    1 16:52:50   -24884.731229        1.8775
BFGS:    2 16:53:00   -24884.837902        0.6008
BFGS:    3 16:53:10   -24884.852809        0.1285
BFGS:    4 16:53:20   -24884.853595        0.0124
      Step     Time          Energy         fmax
BFGS:    0 17:25:52    -2946.958285        4.3212
      Step     Time          Energy         fmax
BFGS:    0 17:26:18    -2946.958285        4.3212
BFGS:    1 17:26:29    -2945.981141       24.2265
BFGS:    2 17:26:39    -2947.012822        1.4481
BFGS:    3 17:26:50    -2947.018458        0.4516
BFGS:    4 17:27:00    -2947.019045        0.0147
      Step     Time          Energy         fmax
BFGS:    0 17:27:30    -2939.352488       18.1488
BFGS:    1 17:27:40    -2938.911155        9.2772
BFGS:    2 17:27:50    -2939.993806        6.2971
BFGS:    3 17:28:00    -2938.920718       22.6638
BFGS:    4 17:28:10    -2940.311905        3.7631
BFGS:    5 17:28:20    -2940.404589        1.9907
BFGS:    6 17:28:30    -2940.432684        0.5239
BFGS:    7 17:28:40    -2940.434423        0.0527
BFGS:    8 17:28:50    -2940.434441        0.0012
      Step     Time          Energy         fmax
BFGS:    0 17:29:20    -4045.163257       14.0498
BFGS:    1 17:29:30    -4044.135983       11.2474
BFGS:    2 17:29:41    -4045.715808        5.5648
      Step     Time          Energy         fmax
BFGS:    0 17:30:06    -2946.958285        4.3212
BFGS:    1 17:30:16    -2945.981141       24.2265
BFGS:    2 17:30:26    -2947.012822        1.4481
BFGS:    3 17:30:37    -2947.018458        0.4516
BFGS:    4 17:30:47    -2947.019045        0.0147
      Step     Time          Energy         fmax
BFGS:    0 17:31:17    -2939.352488       18.1488
BFGS:    1 17:31:27    -2938.911155        9.2772
BFGS:    2 17:31:38    -2939.993806        6.2971
BFGS:    3 17:31:49    -2938.920718       22.6638
BFGS:    4 17:31:59    -2940.311905        3.7631
BFGS:    5 17:32:10    -2940.404589        1.9907
BFGS:    6 17:32:20    -2940.432684        0.5239
BFGS:    7 17:32:30    -2940.434423        0.0527
BFGS:    8 17:32:41    -2940.434441        0.0012
      Step     Time          Energy         fmax
BFGS:    0 17:33:16    -2946.958285        4.3212
BFGS:    1 17:33:27    -2945.981141       24.2265
BFGS:    2 17:33:37    -2947.012822        1.4481
BFGS:    3 17:33:47    -2947.018458        0.4516
BFGS:    4 17:36:10    -2947.019045        0.0147
      Step     Time          Energy         fmax
BFGS:    0 17:36:41    -2939.352488       18.1488
BFGS:    1 17:36:51    -2938.911155        9.2772
BFGS:    2 17:37:02    -2939.993806        6.2971
BFGS:    3 17:37:12    -2938.920718       22.6638
BFGS:    4 17:37:22    -2940.311905        3.7631
BFGS:    5 17:37:33    -2940.404589        1.9907
BFGS:    6 17:37:44    -2940.432684        0.5239
BFGS:    7 17:37:54    -2940.434423        0.0527
      Step     Time          Energy         fmax
BFGS:    0 17:56:03    -2946.958285        4.3212
BFGS:    1 17:56:14    -2945.981141       24.2265
BFGS:    2 17:56:25    -2947.012822        1.4481
BFGS:    3 17:56:35    -2947.018458        0.4516
      Step     Time          Energy         fmax
BFGS:    0 20:49:40    -2946.958285        4.3212
      Step     Time          Energy         fmax
BFGS:    0 20:50:33    -2946.958285        4.3212
BFGS:    1 20:50:43    -2945.981141       24.2265
BFGS:    2 20:50:53    -2947.012822        1.4481
BFGS:    3 20:51:04    -2947.018458        0.4516
BFGS:    4 20:51:14    -2947.019045        0.0147
      Step     Time          Energy         fmax
BFGS:    0 20:51:45    -2939.352488       18.1488
BFGS:    1 20:51:55    -2938.911155        9.2772
BFGS:    2 20:52:06    -2939.993806        6.2971
BFGS:    3 20:52:16    -2938.920718       22.6638
BFGS:    4 20:52:26    -2940.311905        3.7631
BFGS:    5 20:52:37    -2940.404589        1.9907
BFGS:    6 20:52:47    -2940.432684        0.5239
BFGS:    7 20:52:57    -2940.434423        0.0527
BFGS:    8 20:53:08    -2940.434441        0.0012
      Step     Time          Energy         fmax
BFGS:    0 20:53:39    -4045.163257       14.0498
BFGS:    1 20:53:50    -4044.135983       11.2474
BFGS:    2 20:54:00    -4045.715808        5.5648
BFGS:    3 20:54:10    -4045.680288        7.7794
BFGS:    4 20:54:21    -4045.972854        1.2749
BFGS:    5 20:54:31    -4045.983821        0.2489
BFGS:    6 20:54:41    -4045.984234        0.0103
      Step     Time          Energy         fmax
BFGS:    0 20:55:12    -4048.212821        0.1689
BFGS:    1 20:55:22    -4048.212741        0.2034
BFGS:    2 20:55:33    -4048.213007        0.0010
      Step     Time          Energy         fmax
BFGS:    0 20:56:04   -24823.340707      269.0303
BFGS:    1 20:56:14   -24875.707278       49.6178
BFGS:    2 20:56:24   -24879.421094       33.5338
BFGS:    3 20:56:35   -24883.724951       14.5360
BFGS:    4 20:56:45   -24885.230889        6.9841
BFGS:    5 20:56:56   -24885.852703        2.6520
BFGS:    6 20:57:06   -24885.990576        0.8072
BFGS:    7 20:57:16   -24886.007436        0.1491
BFGS:    8 20:57:27   -24886.008084        0.0112
      Step     Time          Energy         fmax
BFGS:    0 20:57:57   -24884.293475        4.7651
BFGS:    1 20:58:07   -24884.731229        1.8775
BFGS:    2 20:58:18   -24884.837902        0.6008
BFGS:    3 20:58:29   -24884.852809        0.1285
BFGS:    4 20:58:39   -24884.853595        0.0124
      Step     Time          Energy         fmax
BFGS:    0 12:49:13    -2946.958285        4.3212
BFGS:    1 12:49:23    -2945.981141       24.2265
BFGS:    2 12:49:34    -2947.012822        1.4481
BFGS:    3 12:49:44    -2947.018458        0.4516
BFGS:    4 12:49:54    -2947.019045        0.0147
      Step     Time          Energy         fmax
BFGS:    0 12:50:25    -2939.352488       18.1488
BFGS:    1 12:50:35    -2938.911155        9.2772
BFGS:    2 12:50:45    -2939.993806        6.2971
BFGS:    3 12:50:56    -2938.920718       22.6638
BFGS:    4 12:51:06    -2940.311905        3.7631
BFGS:    5 12:51:17    -2940.404589        1.9907
BFGS:    6 12:51:27    -2940.432684        0.5239
BFGS:    7 12:51:37    -2940.434423        0.0527
BFGS:    8 12:51:47    -2940.434441        0.0012
      Step     Time          Energy         fmax
BFGS:    0 12:52:18    -4045.163257       14.0498
BFGS:    1 12:52:28    -4044.135983       11.2474
BFGS:    2 12:52:38    -4045.715808        5.5648
BFGS:    3 12:52:49    -4045.680288        7.7794
BFGS:    4 12:52:59    -4045.972854        1.2749
BFGS:    5 12:53:10    -4045.983821        0.2489
BFGS:    6 12:53:20    -4045.984234        0.0103
      Step     Time          Energy         fmax
BFGS:    0 12:53:50    -4048.212821        0.1689
BFGS:    1 12:54:00    -4048.212741        0.2034
BFGS:    2 12:54:10    -4048.213007        0.0010
      Step     Time          Energy         fmax
BFGS:    0 12:54:41   -24823.340707      269.0303
BFGS:    1 12:54:51   -24875.707278       49.6178
BFGS:    2 12:55:01   -24879.421094       33.5338
BFGS:    3 12:55:11   -24883.724951       14.5360
BFGS:    4 12:55:21   -24885.230889        6.9841
BFGS:    5 12:55:32   -24885.852703        2.6520
BFGS:    6 12:55:42   -24885.990576        0.8072
BFGS:    7 12:55:52   -24886.007436        0.1491
BFGS:    8 12:56:02   -24886.008084        0.0112
      Step     Time          Energy         fmax
BFGS:    0 12:56:40   -24884.293475        4.7651
BFGS:    1 12:56:51   -24884.731229        1.8775
BFGS:    2 12:57:02   -24884.837902        0.6008
BFGS:    3 12:57:11   -24884.852809        0.1285
BFGS:    4 12:57:22   -24884.853595        0.0124
      Step     Time          Energy         fmax
BFGS:    0 19:30:51   -15502.204296        6.4026
BFGS:    1 19:31:21   -15502.966227        3.1138
BFGS:    2 19:31:50   -15503.270539        1.5350
BFGS:    3 19:32:17   -15503.374907        0.4967
BFGS:    4 19:32:48   -15503.411181        0.4678
BFGS:    5 19:33:16   -15503.431873        0.2573
BFGS:    6 19:33:42   -15503.441360        0.2389
BFGS:    7 19:34:10   -15503.450539        0.2126
BFGS:    8 19:34:38   -15503.461022        0.2441
BFGS:    9 19:35:05   -15503.472793        0.2479
BFGS:   10 19:35:32   -15503.482417        0.1819
BFGS:   11 19:36:02   -15503.489733        0.1667
BFGS:   12 19:36:31   -15503.495809        0.1626
BFGS:   13 19:37:03   -15503.500739        0.1508
BFGS:   14 20:06:05   -15503.503997        0.1189
BFGS:   15 20:06:36   -15503.506337        0.0880
BFGS:   16 20:07:08   -15503.508537        0.0961
BFGS:   17 20:07:40   -15503.510627        0.0913
BFGS:   18 20:08:28   -15503.512461        0.0990
BFGS:   19 20:08:58   -15503.514365        0.1150
BFGS:   20 20:09:31   -15503.517127        0.1459
BFGS:   21 20:10:06   -15503.521609        0.1687
BFGS:   22 20:10:37   -15503.527833        0.1776
BFGS:   23 20:11:06   -15503.534356        0.1560
BFGS:   24 20:11:34   -15503.539569        0.1305
BFGS:   25 20:12:02   -15503.543128        0.1281
BFGS:   26 20:12:31   -15503.545960        0.1063
BFGS:   27 20:13:00   -15503.548717        0.1214
BFGS:   28 20:13:34   -15503.550970        0.1184
BFGS:   29 20:14:04   -15503.552448        0.0868
BFGS:   30 20:14:32   -15503.553542        0.0706
BFGS:   31 20:15:03   -15503.554788        0.0651
BFGS:   32 20:15:34   -15503.556369        0.0743
BFGS:   33 20:16:08   -15503.558057        0.0814
BFGS:   34 20:16:37   -15503.559507        0.0716
BFGS:   35 20:17:11   -15503.560701        0.0808
BFGS:   36 20:17:42   -15503.561970        0.0938
BFGS:   37 20:18:11   -15503.563615        0.1002
BFGS:   38 20:18:40   -15503.565644        0.1238
BFGS:   39 20:19:09   -15503.567907        0.1476
BFGS:   40 20:19:38   -15503.570598        0.1537
BFGS:   41 20:20:09   -15503.574512        0.1704
BFGS:   42 20:20:39   -15503.581296        0.2357
BFGS:   43 20:21:09   -15503.592284        0.3505
BFGS:   44 20:21:39   -15503.605780        0.3706
BFGS:   45 20:22:09   -15503.623401        0.2659
BFGS:   46 20:22:40   -15503.634762        0.2343
BFGS:   47 20:23:24   -15503.637878        0.2208
BFGS:   48 20:24:14   -15503.644729        0.3000
BFGS:   49 20:24:51   -15503.650425        0.1704
BFGS:   50 20:25:38   -15503.656971        0.1031
BFGS:   51 20:26:13   -15503.662880        0.1141
BFGS:   52 20:26:42   -15503.666889        0.1253
BFGS:   53 20:27:12   -15503.669891        0.1211
BFGS:   54 20:27:49   -15503.672945        0.1288
BFGS:   55 20:28:25   -15503.676170        0.1456
BFGS:   56 20:28:59   -15503.679651        0.1227
BFGS:   57 20:29:32   -15503.682447        0.1014
BFGS:   58 20:30:04   -15503.684699        0.1019
BFGS:   59 20:30:36   -15503.686951        0.1097
BFGS:   60 20:31:13   -15503.690571        0.1391
BFGS:   61 20:32:03   -15503.694991        0.1460
BFGS:   62 20:32:35   -15503.699543        0.1543
BFGS:   63 20:33:07   -15503.702936        0.1302
BFGS:   64 20:33:39   -15503.705147        0.1189
BFGS:   65 20:34:11   -15503.706872        0.1086
BFGS:   66 20:34:42   -15503.708635        0.0852
BFGS:   67 20:35:13   -15503.710336        0.0850
BFGS:   68 20:35:42   -15503.711640        0.0704
BFGS:   69 20:36:14   -15503.712650        0.0595
BFGS:   70 20:36:44   -15503.713783        0.0725
BFGS:   71 20:37:17   -15503.715093        0.0753
BFGS:   72 20:37:54   -15503.716328        0.0669
BFGS:   73 20:38:25   -15503.717215        0.0458
      Step     Time          Energy         fmax
BFGS:    0 21:04:32    -2939.637082       14.9101
BFGS:    1 21:04:47    -2938.749186        9.4988
BFGS:    2 21:05:01    -2940.013213        6.1936
BFGS:    3 21:05:16    -2938.710127       24.7462
BFGS:    4 21:05:32    -2940.309379        3.7963
BFGS:    5 21:05:48    -2940.401537        2.0830
BFGS:    6 21:06:04    -2940.432444        0.5591
BFGS:    7 21:06:19    -2940.434418        0.0591
BFGS:    8 21:06:35    -2940.434441        0.0015
      Step     Time          Energy         fmax
BFGS:    0 21:10:37    -2939.637082       14.9101
BFGS:    1 21:10:51    -2938.749186        9.4988
BFGS:    2 21:11:06    -2940.013213        6.1936
BFGS:    3 21:11:21    -2938.710127       24.7462
BFGS:    4 21:11:38    -2940.309379        3.7963
BFGS:    5 21:11:53    -2940.401537        2.0830
BFGS:    6 21:12:09    -2940.432444        0.5591
BFGS:    7 21:12:24    -2940.434418        0.0591
BFGS:    8 21:12:39    -2940.434441        0.0015
      Step     Time          Energy         fmax
BFGS:    0 14:13:57   -15502.204296        6.4026
BFGS:    1 14:14:17   -15502.966227        3.1138
BFGS:    2 14:14:34   -15503.270539        1.5350
BFGS:    3 14:14:53   -15503.374907        0.4967
BFGS:    4 14:15:12   -15503.411181        0.4678
BFGS:    5 14:15:31   -15503.431873        0.2573
BFGS:    6 14:15:48   -15503.441360        0.2389
BFGS:    7 14:16:05   -15503.450539        0.2126
BFGS:    8 14:16:22   -15503.461022        0.2441
BFGS:    9 14:16:39   -15503.472793        0.2479
BFGS:   10 14:16:56   -15503.482417        0.1819
BFGS:   11 14:17:17   -15503.489733        0.1667
BFGS:   12 14:17:37   -15503.495809        0.1626
BFGS:   13 14:17:57   -15503.500739        0.1508
BFGS:   14 14:18:18   -15503.503997        0.1189
BFGS:   15 14:18:37   -15503.506337        0.0880
BFGS:   16 14:18:56   -15503.508537        0.0961
BFGS:   17 14:19:15   -15503.510627        0.0913
BFGS:   18 14:19:33   -15503.512461        0.0990
BFGS:   19 14:19:52   -15503.514365        0.1150
BFGS:   20 14:20:12   -15503.517127        0.1459
BFGS:   21 14:20:32   -15503.521609        0.1687
BFGS:   22 14:20:51   -15503.527833        0.1776
BFGS:   23 14:21:11   -15503.534356        0.1560
BFGS:   24 14:21:30   -15503.539569        0.1305
BFGS:   25 14:21:54   -15503.543128        0.1281
BFGS:   26 14:22:18   -15503.545960        0.1063
BFGS:   27 14:22:40   -15503.548717        0.1214
BFGS:   28 14:23:07   -15503.550970        0.1184
BFGS:   29 14:23:34   -15503.552448        0.0868
BFGS:   30 14:24:11   -15503.553542        0.0706
BFGS:   31 14:24:46   -15503.554788        0.0651
BFGS:   32 14:25:16   -15503.556369        0.0743
BFGS:   33 14:25:46   -15503.558057        0.0814
BFGS:   34 14:26:19   -15503.559507        0.0716
BFGS:   35 14:26:51   -15503.560701        0.0808
BFGS:   36 14:27:21   -15503.561970        0.0938
BFGS:   37 14:27:50   -15503.563615        0.1002
BFGS:   38 14:28:20   -15503.565644        0.1238
BFGS:   39 14:28:49   -15503.567907        0.1476
BFGS:   40 14:29:18   -15503.570598        0.1537
BFGS:   41 14:29:41   -15503.574512        0.1704
BFGS:   42 14:30:04   -15503.581296        0.2357
BFGS:   43 14:30:27   -15503.592284        0.3505
BFGS:   44 14:30:49   -15503.605780        0.3706
BFGS:   45 14:31:11   -15503.623401        0.2659
BFGS:   46 14:31:35   -15503.634762        0.2343
BFGS:   47 14:31:57   -15503.637878        0.2208
BFGS:   48 14:32:23   -15503.644729        0.3000
BFGS:   49 14:32:45   -15503.650425        0.1704
BFGS:   50 14:33:08   -15503.656971        0.1031
BFGS:   51 14:33:30   -15503.662880        0.1141
BFGS:   52 14:33:55   -15503.666889        0.1253
BFGS:   53 14:34:16   -15503.669891        0.1211
BFGS:   54 14:34:37   -15503.672945        0.1288
BFGS:   55 14:34:58   -15503.676170        0.1456
BFGS:   56 14:35:19   -15503.679651        0.1227
BFGS:   57 14:35:39   -15503.682447        0.1014
BFGS:   58 14:36:01   -15503.684699        0.1019
BFGS:   59 14:36:22   -15503.686951        0.1097
BFGS:   60 14:36:43   -15503.690571        0.1391
BFGS:   61 14:37:10   -15503.694991        0.1460
BFGS:   62 14:37:35   -15503.699543        0.1543
BFGS:   63 14:37:58   -15503.702936        0.1302
BFGS:   64 14:38:19   -15503.705147        0.1189
BFGS:   65 14:38:40   -15503.706872        0.1086
BFGS:   66 14:39:03   -15503.708635        0.0852
BFGS:   67 14:39:25   -15503.710336        0.0850
BFGS:   68 14:39:46   -15503.711640        0.0704
BFGS:   69 14:40:07   -15503.712650        0.0595
BFGS:   70 14:40:28   -15503.713783        0.0725
BFGS:   71 14:40:49   -15503.715093        0.0753
BFGS:   72 14:41:12   -15503.716328        0.0669
BFGS:   73 14:41:39   -15503.717215        0.0458
      Step     Time          Energy         fmax
BFGS:    0 14:47:32   -15502.204296        6.4026
BFGS:    1 14:47:50   -15502.966227        3.1138
BFGS:    2 14:48:07   -15503.270539        1.5350
BFGS:    3 14:48:24   -15503.374907        0.4967
BFGS:    4 14:48:40   -15503.411181        0.4678
BFGS:    5 14:48:57   -15503.431873        0.2573
BFGS:    6 14:49:15   -15503.441360        0.2389
BFGS:    7 14:49:33   -15503.450539        0.2126
BFGS:    8 14:49:56   -15503.461022        0.2441
BFGS:    9 14:50:17   -15503.472793        0.2479
BFGS:   10 14:50:38   -15503.482417        0.1819
BFGS:   11 14:51:01   -15503.489733        0.1667
BFGS:   12 14:51:23   -15503.495809        0.1626
BFGS:   13 14:51:44   -15503.500739        0.1508
BFGS:   14 14:52:09   -15503.503997        0.1189
BFGS:   15 14:52:39   -15503.506337        0.0880
BFGS:   16 14:53:09   -15503.508537        0.0961
BFGS:   17 14:53:43   -15503.510627        0.0913
BFGS:   18 14:54:05   -15503.512461        0.0990
BFGS:   19 14:54:29   -15503.514365        0.1150
BFGS:   20 14:54:52   -15503.517127        0.1459
BFGS:   21 14:55:16   -15503.521609        0.1687
BFGS:   22 14:55:40   -15503.527833        0.1776
BFGS:   23 14:56:04   -15503.534356        0.1560
BFGS:   24 14:56:28   -15503.539569        0.1305
BFGS:   25 14:56:51   -15503.543128        0.1281
BFGS:   26 14:57:15   -15503.545960        0.1063
BFGS:   27 14:57:39   -15503.548717        0.1214
BFGS:   28 14:58:03   -15503.550970        0.1184
BFGS:   29 14:58:25   -15503.552448        0.0868
BFGS:   30 14:58:48   -15503.553542        0.0706
BFGS:   31 14:59:10   -15503.554788        0.0651
BFGS:   32 14:59:32   -15503.556369        0.0743
BFGS:   33 14:59:54   -15503.558057        0.0814
BFGS:   34 15:00:17   -15503.559507        0.0716
BFGS:   35 15:00:39   -15503.560701        0.0808
BFGS:   36 15:01:01   -15503.561970        0.0938
BFGS:   37 15:01:23   -15503.563615        0.1002
BFGS:   38 15:01:44   -15503.565644        0.1238
BFGS:   39 15:02:05   -15503.567907        0.1476
BFGS:   40 15:02:25   -15503.570598        0.1537
BFGS:   41 15:02:46   -15503.574512        0.1704
BFGS:   42 15:03:05   -15503.581296        0.2357
BFGS:   43 15:03:25   -15503.592284        0.3505
BFGS:   44 15:03:44   -15503.605780        0.3706
BFGS:   45 15:04:04   -15503.623401        0.2659
BFGS:   46 15:04:23   -15503.634762        0.2343
BFGS:   47 15:04:42   -15503.637878        0.2208
BFGS:   48 15:05:00   -15503.644729        0.3000
BFGS:   49 15:05:19   -15503.650425        0.1704
BFGS:   50 15:05:38   -15503.656971        0.1031
BFGS:   51 15:06:00   -15503.662880        0.1141
BFGS:   52 15:06:19   -15503.666889        0.1253
BFGS:   53 15:06:38   -15503.669891        0.1211
BFGS:   54 15:06:57   -15503.672945        0.1288
BFGS:   55 15:07:15   -15503.676170        0.1456
BFGS:   56 15:07:34   -15503.679651        0.1227
BFGS:   57 15:07:53   -15503.682447        0.1014
BFGS:   58 15:08:12   -15503.684699        0.1019
BFGS:   59 15:08:31   -15503.686951        0.1097
BFGS:   60 15:08:50   -15503.690571        0.1391
BFGS:   61 15:09:08   -15503.694991        0.1460
BFGS:   62 15:09:27   -15503.699543        0.1543
BFGS:   63 15:09:45   -15503.702936        0.1302
BFGS:   64 15:10:03   -15503.705147        0.1189
BFGS:   65 15:10:21   -15503.706872        0.1086
BFGS:   66 15:10:40   -15503.708635        0.0852
BFGS:   67 15:10:59   -15503.710336        0.0850
BFGS:   68 15:11:18   -15503.711640        0.0704
BFGS:   69 15:11:37   -15503.712650        0.0595
BFGS:   70 15:12:00   -15503.713783        0.0725
BFGS:   71 15:12:19   -15503.715093        0.0753
BFGS:   72 15:12:37   -15503.716328        0.0669
BFGS:   73 15:12:56   -15503.717215        0.0458
      Step     Time          Energy         fmax
BFGS:    0 15:18:34   -15503.265457        6.8891
BFGS:    1 15:18:46   -15503.701749        8.8634
BFGS:    2 15:18:56   -15504.132186        2.8083
BFGS:    3 15:19:07   -15504.216887        1.4728
BFGS:    4 15:19:18   -15504.266549        0.3932
      Step     Time          Energy         fmax
BFGS:    0 14:01:14   -15503.265457        6.8891
BFGS:    1 14:01:29   -15503.701749        8.8634
BFGS:    2 14:01:44   -15504.132186        2.8083
BFGS:    3 14:01:57   -15504.216887        1.4728
BFGS:    4 14:02:12   -15504.266549        0.3932
BFGS:    5 14:02:28   -15504.288554        0.3344
BFGS:    6 14:02:44   -15504.302342        0.3399
BFGS:    7 14:02:59   -15504.312683        0.2129
BFGS:    8 14:03:15   -15504.322031        0.2369
BFGS:    9 14:03:31   -15504.331541        0.2398
BFGS:   10 14:03:47   -15504.342265        0.2677
BFGS:   11 14:04:04   -15504.350451        0.2451
BFGS:   12 14:04:17   -15504.356974        0.2473
BFGS:   13 14:04:29   -15504.363089        0.2048
BFGS:   14 14:04:43   -15504.368764        0.2131
BFGS:   15 14:04:55   -15504.372647        0.1565
BFGS:   16 14:05:07   -15504.375241        0.1559
BFGS:   17 14:05:20   -15504.377949        0.1682
BFGS:   18 14:05:33   -15504.381143        0.1158
BFGS:   19 14:05:46   -15504.384206        0.1337
BFGS:   20 14:05:58   -15504.387663        0.1804
BFGS:   21 14:06:11   -15504.392334        0.2093
BFGS:   22 14:06:24   -15504.398250        0.2249
BFGS:   23 14:06:37   -15504.403802        0.1741
BFGS:   24 14:06:50   -15504.407583        0.1090
BFGS:   25 14:07:06   -15504.410165        0.1445
BFGS:   26 14:07:23   -15504.412614        0.1237
BFGS:   27 14:07:39   -15504.415256        0.1089
BFGS:   28 14:07:57   -15504.417359        0.0775
BFGS:   29 14:08:13   -15504.418784        0.0803
BFGS:   30 14:08:28   -15504.420113        0.0980
BFGS:   31 14:08:40   -15504.421720        0.0881
BFGS:   32 14:08:54   -15504.423436        0.0868
BFGS:   33 14:09:07   -15504.424923        0.0908
BFGS:   34 14:09:19   -15504.426233        0.1029
BFGS:   35 14:09:32   -15504.427752        0.0914
BFGS:   36 14:09:44   -15504.430060        0.1045
BFGS:   37 14:09:57   -15504.432694        0.1099
BFGS:   38 14:10:09   -15504.435016        0.1183
BFGS:   39 14:10:22   -15504.437034        0.1178
BFGS:   40 14:10:34   -15504.439578        0.1607
BFGS:   41 14:10:47   -15504.443635        0.1802
BFGS:   42 14:11:00   -15504.449418        0.1718
BFGS:   43 14:11:13   -15504.455438        0.1867
BFGS:   44 14:11:27   -15504.460301        0.1570
BFGS:   45 14:11:39   -15504.463807        0.1779
BFGS:   46 14:11:52   -15504.467898        0.1916
BFGS:   47 14:12:04   -15504.473479        0.2024
BFGS:   48 14:12:17   -15504.482132        0.3270
BFGS:   49 14:12:30   -15504.491647        0.3407
BFGS:   50 14:12:43   -15504.503830        0.4214
BFGS:   51 14:12:55   -15504.513816        0.3069
BFGS:   52 14:13:08   -15504.530532        0.2973
BFGS:   53 14:13:21   -15504.544462        0.2720
BFGS:   54 14:13:34   -15504.559517        0.2641
BFGS:   55 14:13:46   -15504.572830        0.2356
BFGS:   56 14:13:59   -15504.593347        0.2669
BFGS:   57 14:14:13   -15504.611765        0.2571
BFGS:   58 14:14:25   -15504.627019        0.2883
BFGS:   59 14:14:38   -15504.630636        0.4340
BFGS:   60 14:14:51   -15504.646607        0.2042
BFGS:   61 14:15:07   -15504.653502        0.1604
BFGS:   62 14:15:23   -15504.662284        0.1552
BFGS:   63 14:15:39   -15504.665301        0.1738
BFGS:   64 14:15:53   -15504.669677        0.1357
BFGS:   65 14:16:07   -15504.672913        0.1407
BFGS:   66 14:16:19   -15504.675508        0.1098
BFGS:   67 14:16:33   -15504.677732        0.0864
BFGS:   68 14:16:46   -15504.679616        0.0920
BFGS:   69 14:16:59   -15504.681234        0.1114
BFGS:   70 14:17:12   -15504.683140        0.1128
BFGS:   71 14:17:25   -15504.685786        0.1252
BFGS:   72 14:17:37   -15504.688329        0.1025
BFGS:   73 14:17:50   -15504.690232        0.0813
BFGS:   74 14:18:03   -15504.691327        0.0539
BFGS:   75 14:18:16   -15504.692001        0.0837
BFGS:   76 14:18:29   -15504.692687        0.0565
BFGS:   77 14:18:42   -15504.693471        0.0487
      Step     Time          Energy         fmax
BFGS:    0 14:25:48   -20854.856876        6.7259
BFGS:    1 14:26:02   -20855.152805        8.7295
BFGS:    2 14:26:17   -20855.547091        2.2703
BFGS:    3 14:26:31   -20855.607919        1.3201
BFGS:    4 14:26:44   -20855.646322        0.4343
BFGS:    5 14:26:58   -20855.667591        0.3455
BFGS:    6 14:27:12   -20855.687888        0.4051
BFGS:    7 14:27:26   -20855.700776        0.2371
BFGS:    8 14:27:39   -20855.706904        0.1858
BFGS:    9 14:27:53   -20855.711725        0.1687
BFGS:   10 14:28:07   -20855.715948        0.1695
BFGS:   11 14:28:20   -20855.719405        0.1777
BFGS:   12 14:28:34   -20855.722241        0.1420
BFGS:   13 14:28:48   -20855.725242        0.1540
BFGS:   14 14:29:02   -20855.728980        0.1721
BFGS:   15 14:29:16   -20855.732855        0.1452
BFGS:   16 14:29:30   -20855.735793        0.1094
BFGS:   17 14:29:44   -20855.737663        0.1080
BFGS:   18 14:29:58   -20855.739222        0.1022
BFGS:   19 14:30:11   -20855.741132        0.1043
BFGS:   20 14:30:25   -20855.743507        0.1120
BFGS:   21 14:30:39   -20855.745423        0.1070
BFGS:   22 14:30:53   -20855.747127        0.1011
BFGS:   23 14:31:08   -20855.749233        0.1066
